**** Warning	Tue Jul 09 21:10:15 IST 2013	1373384415714	DistributorSender	No remote servers configured
**** Warning	Tue Jul 09 21:10:36 IST 2013	1373384436710	DistributorSender	No remote servers configured
**** Warning	Tue Jul 09 21:10:47 IST 2013	1373384447053	/atg/dynamo/service/ClientLockManager	Unable to connect to lock servers localhost/127.0.0.1:9010  - globally locking is disabled
**** Warning	Tue Jul 09 21:10:48 IST 2013	1373384448873	/atg/commerce/catalog/ContentDistributor	No remote servers configured
**** Warning	Tue Jul 09 21:10:53 IST 2013	1373384453980	/atg/dynamo/messaging/MessagingManager	Disabling rollback logging for InputDestinationConsumer in order to reduce clutter. Set disableDebugTracesForRollbacksForInputDestinationConsumer on /atg/dynamo/messaging/MessagingManager to false to re-enable for InputDestinationConsumer.
**** Warning	Tue Jul 09 21:10:56 IST 2013	1373384456556	/atg/dynamo/service/ServerLockManager	No backup server is configured for Lock Server BSD-PC2964483/10.53.12.131:9010 It becomes Primary Server
**** Warning	Wed Jul 10 04:37:02 IST 2013	1373411222221	/atg/epub/DeploymentServer	re-creating transport for agent 'prod' due to error from transport : transport error from agent 'prod'
**** Warning	Wed Jul 10 10:06:07 IST 2013	1373430967526	/	/atg/remote/assetmanager/epub/service/PublishingService, a session component, has referenced /atg/dynamo/servlet/pipeline/RequestScopeManager/RequestScope-306/atg/remote/assetmanager/operations/service/RepositoryOperationService, a request scoped component.
**** Warning	Wed Jul 10 10:17:37 IST 2013	1373431657776	/atg/dynamo/service/ClientLockManager	The useLockServer property of: /atg/dynamo/service/ClientLockManager is false and so global locking is disabled
**** Warning	Wed Jul 10 10:32:53 IST 2013	1373432573920	/atg/dynamo/service/ClientLockManager	The useLockServer property of: /atg/dynamo/service/ClientLockManager is false and so global locking is disabled
**** Warning	Wed Jul 10 10:47:53 IST 2013	1373433473921	/atg/dynamo/service/ClientLockManager	The useLockServer property of: /atg/dynamo/service/ClientLockManager is false and so global locking is disabled
**** Warning	Wed Jul 10 11:02:51 IST 2013	1373434371718	/	/atg/remote/assetmanager/epub/service/PublishingService, a session component, has referenced /atg/dynamo/servlet/pipeline/RequestScopeManager/RequestScope-1031/atg/remote/assetmanager/operations/service/RepositoryOperationService, a request scoped component.
**** Warning	Wed Jul 10 11:02:53 IST 2013	1373434373923	/atg/dynamo/service/ClientLockManager	The useLockServer property of: /atg/dynamo/service/ClientLockManager is false and so global locking is disabled
**** Warning	Wed Jul 10 11:18:23 IST 2013	1373435303920	/atg/dynamo/service/ClientLockManager	The useLockServer property of: /atg/dynamo/service/ClientLockManager is false and so global locking is disabled
**** Warning	Wed Jul 10 11:33:23 IST 2013	1373436203921	/atg/dynamo/service/ClientLockManager	The useLockServer property of: /atg/dynamo/service/ClientLockManager is false and so global locking is disabled
**** Warning	Wed Jul 10 11:48:23 IST 2013	1373437103923	/atg/dynamo/service/ClientLockManager	The useLockServer property of: /atg/dynamo/service/ClientLockManager is false and so global locking is disabled
**** Warning	Wed Jul 10 12:03:53 IST 2013	1373438033921	/atg/dynamo/service/ClientLockManager	The useLockServer property of: /atg/dynamo/service/ClientLockManager is false and so global locking is disabled
**** Warning	Wed Jul 10 12:18:53 IST 2013	1373438933922	/atg/dynamo/service/ClientLockManager	The useLockServer property of: /atg/dynamo/service/ClientLockManager is false and so global locking is disabled
**** Warning	Wed Jul 10 12:33:53 IST 2013	1373439833924	/atg/dynamo/service/ClientLockManager	The useLockServer property of: /atg/dynamo/service/ClientLockManager is false and so global locking is disabled
**** Warning	Wed Jul 10 12:49:23 IST 2013	1373440763921	/atg/dynamo/service/ClientLockManager	The useLockServer property of: /atg/dynamo/service/ClientLockManager is false and so global locking is disabled
**** Warning	Wed Jul 10 13:04:23 IST 2013	1373441663923	/atg/dynamo/service/ClientLockManager	The useLockServer property of: /atg/dynamo/service/ClientLockManager is false and so global locking is disabled
**** Warning	Wed Jul 10 13:19:53 IST 2013	1373442593920	/atg/dynamo/service/ClientLockManager	The useLockServer property of: /atg/dynamo/service/ClientLockManager is false and so global locking is disabled
**** Warning	Wed Jul 10 13:34:53 IST 2013	1373443493921	/atg/dynamo/service/ClientLockManager	The useLockServer property of: /atg/dynamo/service/ClientLockManager is false and so global locking is disabled
**** Warning	Wed Jul 10 13:49:53 IST 2013	1373444393923	/atg/dynamo/service/ClientLockManager	The useLockServer property of: /atg/dynamo/service/ClientLockManager is false and so global locking is disabled
**** Warning	Wed Jul 10 14:01:01 IST 2013	1373445061104	/	/atg/remote/assetmanager/epub/service/PublishingService, a session component, has referenced /atg/dynamo/servlet/pipeline/RequestScopeManager/RequestScope-1165/atg/remote/assetmanager/operations/service/RepositoryOperationService, a request scoped component.
**** Warning	Wed Jul 10 14:05:23 IST 2013	1373445323920	/atg/dynamo/service/ClientLockManager	The useLockServer property of: /atg/dynamo/service/ClientLockManager is false and so global locking is disabled
**** Warning	Wed Jul 10 14:19:41 IST 2013	1373446181325	DistributorSender	No remote servers configured
**** Warning	Wed Jul 10 14:20:08 IST 2013	1373446208263	DistributorSender	No remote servers configured
**** Warning	Wed Jul 10 14:20:13 IST 2013	1373446213261	/atg/dynamo/service/ClientLockManager	Unable to connect to lock servers localhost/127.0.0.1:9010  - globally locking is disabled
**** Warning	Wed Jul 10 14:20:14 IST 2013	1373446214946	/atg/commerce/catalog/ContentDistributor	No remote servers configured
**** Warning	Wed Jul 10 14:20:20 IST 2013	1373446220330	/atg/dynamo/messaging/MessagingManager	Disabling rollback logging for InputDestinationConsumer in order to reduce clutter. Set disableDebugTracesForRollbacksForInputDestinationConsumer on /atg/dynamo/messaging/MessagingManager to false to re-enable for InputDestinationConsumer.
**** Warning	Wed Jul 10 14:20:23 IST 2013	1373446223605	/atg/dynamo/service/ServerLockManager	No backup server is configured for Lock Server BSD-PC2964483/10.53.12.131:9010 It becomes Primary Server
**** Warning	Wed Jul 10 14:23:53 IST 2013	1373446433859	/	/atg/remote/assetmanager/epub/service/PublishingService, a session component, has referenced /atg/dynamo/servlet/pipeline/RequestScopeManager/RequestScope-22/atg/remote/assetmanager/operations/service/RepositoryOperationService, a request scoped component.
**** Warning	Wed Jul 10 15:35:08 IST 2013	1373450708299	/atg/commerce/catalog/ProductCatalog-ver	Using default JDBC type for: Item Discount:historyIdProperty could not find this column in the table's meta data
**** Warning	Wed Jul 10 15:36:53 IST 2013	1373450813484	/atg/commerce/catalog/ProductCatalog-ver	Using default JDBC type for: Item Discount:historyIdProperty could not find this column in the table's meta data
**** Warning	Wed Jul 10 20:06:01 IST 2013	1373466961717	/	/atg/remote/assetmanager/epub/service/PublishingService, a session component, has referenced /atg/dynamo/servlet/pipeline/RequestScopeManager/RequestScope-304/atg/remote/assetmanager/operations/service/RepositoryOperationService, a request scoped component.
**** Warning	Wed Jul 10 20:21:16 IST 2013	1373467876505	/atg/commerce/catalog/ProductCatalog_production	The GSACacheClientManager is not enabled.  Service: /atg/dynamo/service/GSACacheClientManager
**** Warning	Wed Jul 10 20:21:16 IST 2013	1373467876712	/atg/commerce/catalog/ProductCatalog_production	The GSAInvalidatorService is not enabled for jms cache invalidation events.  Service: /atg/dynamo/service/GSAInvalidatorService
**** Warning	Wed Jul 10 20:22:05 IST 2013	1373467925262	/atg/dynamo/service/ClientLockManager	The useLockServer property of: /atg/dynamo/service/ClientLockManager is false and so global locking is disabled
**** Warning	Wed Jul 10 20:29:25 IST 2013	1373468365741	DistributorSender	No remote servers configured
**** Warning	Wed Jul 10 20:30:00 IST 2013	1373468400266	DistributorSender	No remote servers configured
**** Warning	Wed Jul 10 20:30:04 IST 2013	1373468404927	/atg/dynamo/service/ClientLockManager	Unable to connect to lock servers localhost/127.0.0.1:9010  - globally locking is disabled
**** Warning	Wed Jul 10 20:30:06 IST 2013	1373468406722	/atg/commerce/catalog/ContentDistributor	No remote servers configured
**** Warning	Wed Jul 10 20:30:15 IST 2013	1373468415958	/atg/dynamo/messaging/MessagingManager	Disabling rollback logging for InputDestinationConsumer in order to reduce clutter. Set disableDebugTracesForRollbacksForInputDestinationConsumer on /atg/dynamo/messaging/MessagingManager to false to re-enable for InputDestinationConsumer.
**** Warning	Wed Jul 10 20:30:20 IST 2013	1373468420508	/atg/dynamo/service/ServerLockManager	No backup server is configured for Lock Server BSD-PC2964483/10.53.12.131:9010 It becomes Primary Server
**** Warning	Wed Jul 10 20:34:09 IST 2013	1373468649959	/	/atg/remote/assetmanager/epub/service/PublishingService, a session component, has referenced /atg/dynamo/servlet/pipeline/RequestScopeManager/RequestScope-305/atg/remote/assetmanager/operations/service/RepositoryOperationService, a request scoped component.
**** Warning	Wed Jul 10 20:45:23 IST 2013	1373469323878	/atg/dynamo/service/ClientLockManager	The useLockServer property of: /atg/dynamo/service/ClientLockManager is false and so global locking is disabled
**** Warning	Wed Jul 10 21:00:23 IST 2013	1373470223879	/atg/dynamo/service/ClientLockManager	The useLockServer property of: /atg/dynamo/service/ClientLockManager is false and so global locking is disabled
**** Warning	Sun Jul 14 10:13:41 IST 2013	1373777021864	DistributorSender	No remote servers configured
**** Warning	Sun Jul 14 10:17:01 IST 2013	1373777221865	DistributorSender	No remote servers configured
**** Warning	Sun Jul 14 10:17:22 IST 2013	1373777242282	/atg/dynamo/service/ClientLockManager	Unable to connect to lock servers localhost/127.0.0.1:9010  - globally locking is disabled
**** Warning	Sun Jul 14 10:17:26 IST 2013	1373777246990	/atg/commerce/catalog/ContentDistributor	No remote servers configured
**** Warning	Sun Jul 14 10:18:49 IST 2013	1373777329088	/atg/commerce/catalog/ProductCatalog-ver	unknown JDBC types for property: userLocation, item-type: media-external. Check that the column names in the database and template match.  The column USR_LOC was not found in the set of columns returned by the database: {} for this table.
**** Warning	Sun Jul 14 10:19:05 IST 2013	1373777345587	/atg/dynamo/messaging/MessagingManager	Disabling rollback logging for InputDestinationConsumer in order to reduce clutter. Set disableDebugTracesForRollbacksForInputDestinationConsumer on /atg/dynamo/messaging/MessagingManager to false to re-enable for InputDestinationConsumer.
**** Warning	Sun Jul 14 10:19:31 IST 2013	1373777371882	/atg/dynamo/service/ServerLockManager	No backup server is configured for Lock Server BSD-PC2964483/10.53.12.131:9010 It becomes Primary Server
**** Warning	Sun Jul 14 10:53:06 IST 2013	1373779386315	/	/atg/remote/assetmanager/epub/service/PublishingService, a session component, has referenced /atg/dynamo/servlet/pipeline/RequestScopeManager/RequestScope-79/atg/remote/assetmanager/operations/service/RepositoryOperationService, a request scoped component.
**** Warning	Sun Jul 14 13:49:30 IST 2013	1373789970372	/atg/dynamo/security/AdminUserAuthority	Attempt to log into account admin with incorrect password
**** Warning	Sun Jul 14 13:59:02 IST 2013	1373790542925	DistributorSender	No remote servers configured
**** Warning	Sun Jul 14 14:02:09 IST 2013	1373790729055	DistributorSender	No remote servers configured
**** Warning	Sun Jul 14 14:02:28 IST 2013	1373790748412	/atg/dynamo/service/ClientLockManager	Unable to connect to lock servers localhost/127.0.0.1:9010  - globally locking is disabled
**** Warning	Sun Jul 14 14:02:32 IST 2013	1373790752547	/atg/commerce/catalog/ContentDistributor	No remote servers configured
**** Warning	Sun Jul 14 14:04:00 IST 2013	1373790840621	/atg/commerce/catalog/ProductCatalog-ver	unknown JDBC types for property: userLocation, item-type: media-external. Check that the column names in the database and template match.  The column USR_LOC was not found in the set of columns returned by the database: {} for this table.
**** Warning	Sun Jul 14 14:04:15 IST 2013	1373790855269	/atg/dynamo/messaging/MessagingManager	Disabling rollback logging for InputDestinationConsumer in order to reduce clutter. Set disableDebugTracesForRollbacksForInputDestinationConsumer on /atg/dynamo/messaging/MessagingManager to false to re-enable for InputDestinationConsumer.
**** Warning	Sun Jul 14 14:04:35 IST 2013	1373790875386	/atg/dynamo/service/ServerLockManager	No backup server is configured for Lock Server BSD-PC2964483/10.53.12.131:9010 It becomes Primary Server
**** Warning	Sun Jul 14 14:05:37 IST 2013	1373790937865	/atg/dynamo/security/AdminUserAuthority	Attempt to log into disabled account admin
**** Warning	Sun Jul 14 14:05:45 IST 2013	1373790945148	/atg/dynamo/security/AdminUserAuthority	Attempt to log into disabled account admin
**** Warning	Sun Jul 14 14:07:44 IST 2013	1373791064625	DistributorSender	No remote servers configured
**** Warning	Sun Jul 14 14:10:44 IST 2013	1373791244482	DistributorSender	No remote servers configured
**** Warning	Sun Jul 14 14:11:03 IST 2013	1373791263008	/atg/dynamo/service/ClientLockManager	Unable to connect to lock servers localhost/127.0.0.1:9010  - globally locking is disabled
**** Warning	Sun Jul 14 14:11:06 IST 2013	1373791266905	/atg/commerce/catalog/ContentDistributor	No remote servers configured
**** Warning	Sun Jul 14 14:12:36 IST 2013	1373791356454	/atg/commerce/catalog/ProductCatalog-ver	unknown JDBC types for property: userLocation, item-type: media-external. Check that the column names in the database and template match.  The column USR_LOC was not found in the set of columns returned by the database: {} for this table.
**** Warning	Sun Jul 14 14:12:50 IST 2013	1373791370705	/atg/dynamo/messaging/MessagingManager	Disabling rollback logging for InputDestinationConsumer in order to reduce clutter. Set disableDebugTracesForRollbacksForInputDestinationConsumer on /atg/dynamo/messaging/MessagingManager to false to re-enable for InputDestinationConsumer.
**** Warning	Sun Jul 14 14:13:09 IST 2013	1373791389777	/atg/dynamo/service/ServerLockManager	No backup server is configured for Lock Server BSD-PC2964483/10.53.12.131:9010 It becomes Primary Server
**** Warning	Sun Jul 14 14:25:27 IST 2013	1373792127183	/atg/web/viewmapping/ViewMappingRepository	The GSACacheClientManager is not enabled.  Service: /atg/dynamo/service/GSACacheClientManager
**** Warning	Sun Jul 14 14:25:27 IST 2013	1373792127199	/atg/web/viewmapping/ViewMappingRepository	The GSAInvalidatorService is not enabled for jms cache invalidation events.  Service: /atg/dynamo/service/GSAInvalidatorService
**** Warning	Sun Jul 14 14:27:29 IST 2013	1373792249487	/atg/commerce/catalog/ProductCatalog-ver	The GSACacheClientManager is not enabled.  Service: /atg/dynamo/service/GSACacheClientManager
**** Warning	Sun Jul 14 14:27:29 IST 2013	1373792249489	/atg/commerce/catalog/ProductCatalog-ver	The GSAInvalidatorService is not enabled for jms cache invalidation events.  Service: /atg/dynamo/service/GSAInvalidatorService
**** Warning	Sun Jul 14 14:27:32 IST 2013	1373792252778	/atg/commerce/catalog/ProductCatalog	The GSACacheClientManager is not enabled.  Service: /atg/dynamo/service/GSACacheClientManager
**** Warning	Sun Jul 14 14:27:38 IST 2013	1373792258171	/atg/commerce/catalog/ProductCatalog	The GSAInvalidatorService is not enabled for jms cache invalidation events.  Service: /atg/dynamo/service/GSAInvalidatorService
**** Warning	Sun Jul 14 14:29:09 IST 2013	1373792349138	/	/atg/remote/assetmanager/epub/service/PublishingService, a session component, has referenced /atg/dynamo/servlet/pipeline/RequestScopeManager/RequestScope-41/atg/remote/assetmanager/operations/service/RepositoryOperationService, a request scoped component.
**** Warning	Sun Jul 14 14:33:38 IST 2013	1373792618333	DistributorSender	No remote servers configured
**** Warning	Sun Jul 14 14:36:41 IST 2013	1373792801357	DistributorSender	No remote servers configured
**** Warning	Sun Jul 14 14:36:59 IST 2013	1373792819905	/atg/dynamo/service/ClientLockManager	Unable to connect to lock servers localhost/127.0.0.1:9010  - globally locking is disabled
**** Warning	Sun Jul 14 14:37:03 IST 2013	1373792823929	/atg/commerce/catalog/ContentDistributor	No remote servers configured
**** Warning	Sun Jul 14 14:38:47 IST 2013	1373792927486	/atg/dynamo/messaging/MessagingManager	Disabling rollback logging for InputDestinationConsumer in order to reduce clutter. Set disableDebugTracesForRollbacksForInputDestinationConsumer on /atg/dynamo/messaging/MessagingManager to false to re-enable for InputDestinationConsumer.
**** Warning	Sun Jul 14 14:39:06 IST 2013	1373792946685	/atg/dynamo/service/ServerLockManager	No backup server is configured for Lock Server BSD-PC2964483/10.53.12.131:9010 It becomes Primary Server
**** Warning	Sun Jul 14 14:40:44 IST 2013	1373793044216	/	/atg/remote/assetmanager/epub/service/PublishingService, a session component, has referenced /atg/dynamo/servlet/pipeline/RequestScopeManager/RequestScope-18/atg/remote/assetmanager/operations/service/RepositoryOperationService, a request scoped component.
**** Warning	Sun Jul 14 14:49:37 IST 2013	1373793577768	/atg/dynamo/security/AdminUserAuthority	Attempt to log into account admin with incorrect password
**** Warning	Sun Jul 14 14:57:09 IST 2013	1373794029455	/atg/dynamo/security/AdminUserAuthority	Attempt to log into account admin with incorrect password
