**** Warning	Mon Dec 02 20:06:01 IST 2013	1385994961425	/atg/dynamo/service/jmdns/ClusterBroadcaster	Truncating value for serviceProperties key 'commandLineModules'.
**** Warning	Mon Dec 02 20:06:01 IST 2013	1385994961675	/atg/epub/file/ConfigFileSystem	journalDirectory does not exist: C:\ATG\ATG10.2\home\servers\atg_preview_lockserver\PublishingAgent\deploymentconfig\data\config
**** Warning	Mon Dec 02 20:12:47 IST 2013	1385995367018	/atg/userprofiling/ProfileTools	SecurityStatus is enabled, but there is no property for storing it.  Disabling securityStatus.
**** Warning	Mon Dec 02 20:12:51 IST 2013	1385995371585	/atg/commerce/search/ProductCatalogOutputConfig	Unable to find property "displayName" on "displayName" among available properties: null
**** Warning	Mon Dec 02 20:12:51 IST 2013	1385995371586	/atg/commerce/search/ProductCatalogOutputConfig	Unable to find property "disallowAsRecommendation" on "disallowAsRecommendation" among available properties: null
**** Warning	Mon Dec 02 20:12:51 IST 2013	1385995371587	/atg/commerce/search/ProductCatalogOutputConfig	Unable to find property "nonreturnable" on "nonreturnable" among available properties: null
**** Warning	Mon Dec 02 20:12:51 IST 2013	1385995371588	/atg/commerce/search/ProductCatalogOutputConfig	Unable to find property "brand" on "brand" among available properties: null
**** Warning	Mon Dec 02 20:12:51 IST 2013	1385995371597	/atg/commerce/search/ProductCatalogOutputConfig	Unable to find property "dateAvailable" on "dateAvailable" among available properties: null
**** Warning	Mon Dec 02 20:12:51 IST 2013	1385995371598	/atg/commerce/search/ProductCatalogOutputConfig	Unable to find property "daysAvailable" on "daysAvailable" among available properties: null
**** Warning	Mon Dec 02 20:12:51 IST 2013	1385995371598	/atg/commerce/search/ProductCatalogOutputConfig	Unable to find property "keywords" on "keywords" among available properties: null
**** Warning	Mon Dec 02 20:12:51 IST 2013	1385995371599	/atg/commerce/search/ProductCatalogOutputConfig	Unable to find property "adminDisplayName" on "adminDisplayName" among available properties: null
**** Warning	Mon Dec 02 20:12:51 IST 2013	1385995371600	/atg/commerce/search/ProductCatalogOutputConfig	Unable to find property "startDate" on "startDate" among available properties: null
**** Warning	Mon Dec 02 20:12:51 IST 2013	1385995371601	/atg/commerce/search/ProductCatalogOutputConfig	Unable to find property "creationDate" on "creationDate" among available properties: null
**** Warning	Mon Dec 02 20:12:51 IST 2013	1385995371602	/atg/commerce/search/ProductCatalogOutputConfig	Unable to find property "endDate" on "endDate" among available properties: null
**** Warning	Mon Dec 02 20:12:51 IST 2013	1385995371602	/atg/commerce/search/ProductCatalogOutputConfig	Unable to find property "description" on "description" among available properties: null
**** Warning	Mon Dec 02 20:12:51 IST 2013	1385995371603	/atg/commerce/search/ProductCatalogOutputConfig	Unable to find property "longDescription" on "longDescription" among available properties: null
**** Warning	Mon Dec 02 20:12:51 IST 2013	1385995371604	/atg/commerce/search/ProductCatalogOutputConfig	Unable to find property "displayName" on "displayName" among available properties: null
**** Warning	Mon Dec 02 20:12:51 IST 2013	1385995371604	/atg/commerce/search/ProductCatalogOutputConfig	Unable to find property "averageCustomerRating" on "averageCustomerRating" among available properties: null
**** Warning	Mon Dec 02 20:12:51 IST 2013	1385995371606	/atg/commerce/search/ProductCatalogOutputConfig	Unable to find property "briefDescription" on "briefDescription" among available properties: null
**** Warning	Mon Dec 02 20:12:51 IST 2013	1385995371606	/atg/commerce/search/ProductCatalogOutputConfig	Unable to find property "keyFeatures" on "keyFeatures" among available properties: null
**** Warning	Mon Dec 02 20:12:51 IST 2013	1385995371607	/atg/commerce/search/ProductCatalogOutputConfig	Unable to find property "type" on "type" among available properties: null
**** Warning	Mon Dec 02 20:12:51 IST 2013	1385995371611	/atg/commerce/search/ProductCatalogOutputConfig	Specified subtype "phone-product" is not a subtype of "product" for property "phoneStyle"
**** Warning	Mon Dec 02 20:12:51 IST 2013	1385995371612	/atg/commerce/search/ProductCatalogOutputConfig	Unable to find subtype "phone-product" for property "phoneStyle"
**** Warning	Mon Dec 02 20:12:51 IST 2013	1385995371613	/atg/commerce/search/ProductCatalogOutputConfig	Unable to find property "phoneStyle" on "phoneStyle" among available properties: null
**** Warning	Mon Dec 02 20:12:51 IST 2013	1385995371614	/atg/commerce/search/ProductCatalogOutputConfig	Specified subtype "phone-product" is not a subtype of "product" for property "os"
**** Warning	Mon Dec 02 20:12:51 IST 2013	1385995371614	/atg/commerce/search/ProductCatalogOutputConfig	Unable to find subtype "phone-product" for property "os"
**** Warning	Mon Dec 02 20:12:51 IST 2013	1385995371615	/atg/commerce/search/ProductCatalogOutputConfig	Unable to find property "os" on "os" among available properties: null
**** Warning	Mon Dec 02 20:12:51 IST 2013	1385995371616	/atg/commerce/search/ProductCatalogOutputConfig	Specified subtype "phone-product" is not a subtype of "product" for property "isOOFPhone"
**** Warning	Mon Dec 02 20:12:51 IST 2013	1385995371617	/atg/commerce/search/ProductCatalogOutputConfig	Unable to find subtype "phone-product" for property "isOOFPhone"
**** Warning	Mon Dec 02 20:12:51 IST 2013	1385995371617	/atg/commerce/search/ProductCatalogOutputConfig	Unable to find property "isOOFPhone" on "isOOFPhone" among available properties: null
**** Warning	Mon Dec 02 20:12:51 IST 2013	1385995371618	/atg/commerce/search/ProductCatalogOutputConfig	Specified subtype "plan-product" is not a subtype of "product" for property "plan.type"
**** Warning	Mon Dec 02 20:12:51 IST 2013	1385995371619	/atg/commerce/search/ProductCatalogOutputConfig	Unable to find subtype "plan-product" for property "planType"
**** Warning	Mon Dec 02 20:12:51 IST 2013	1385995371619	/atg/commerce/search/ProductCatalogOutputConfig	Unable to find property "planType" on "planType" among available properties: null
**** Warning	Mon Dec 02 20:12:51 IST 2013	1385995371620	/atg/commerce/search/ProductCatalogOutputConfig	Specified subtype "accessory-product" is not a subtype of "product" for property "accessoryType"
**** Warning	Mon Dec 02 20:12:51 IST 2013	1385995371621	/atg/commerce/search/ProductCatalogOutputConfig	Unable to find subtype "accessory-product" for property "accessoryType"
**** Warning	Mon Dec 02 20:12:51 IST 2013	1385995371621	/atg/commerce/search/ProductCatalogOutputConfig	Unable to find property "accessoryType" on "accessoryType" among available properties: null
**** Warning	Mon Dec 02 20:12:51 IST 2013	1385995371622	/atg/commerce/search/ProductCatalogOutputConfig	Specified subtype "phone-product" is not a subtype of "product" for property "product.calculatedFeatures"
**** Warning	Mon Dec 02 20:12:51 IST 2013	1385995371623	/atg/commerce/search/ProductCatalogOutputConfig	Unable to find subtype "phone-product" for property "calculatedFeatures"
**** Warning	Mon Dec 02 20:12:51 IST 2013	1385995371632	/atg/commerce/search/ProductCatalogOutputConfig	Unable to find property "childSKUs" on "null" among available properties: null
**** Warning	Mon Dec 02 20:12:51 IST 2013	1385995371638	/atg/commerce/search/ProductCatalogOutputConfig	Unable to find property "parentCategories" on "null" among available properties: null
**** Warning	Mon Dec 02 20:12:51 IST 2013	1385995371638	/atg/commerce/search/ProductCatalogOutputConfig	Unable to find property "ancestorCategories" on "null" among available properties: null
**** Warning	Mon Dec 02 20:12:51 IST 2013	1385995371639	/atg/commerce/search/ProductCatalogOutputConfig	Unable to find property "catalogs" on "null" among available properties: null
**** Warning	Mon Dec 02 20:12:51 IST 2013	1385995371640	/atg/commerce/search/ProductCatalogOutputConfig	Unable to find property "manufacturer" on "null" among available properties: null
**** Warning	Mon Dec 02 20:12:51 IST 2013	1385995371640	/atg/commerce/search/ProductCatalogOutputConfig	Unable to find property "features" on "null" among available properties: null
**** Warning	Mon Dec 02 20:12:51 IST 2013	1385995371641	/atg/commerce/search/ProductCatalogOutputConfig	Unable to find property "mediumImage" on "null" among available properties: null
**** Warning	Mon Dec 02 20:12:51 IST 2013	1385995371642	/atg/commerce/search/ProductCatalogOutputConfig	Unable to find property "largeImage" on "null" among available properties: null
**** Warning	Mon Dec 02 20:12:51 IST 2013	1385995371643	/atg/commerce/search/ProductCatalogOutputConfig	Unable to find property "markets" on "null" among available properties: null
**** Warning	Mon Dec 02 20:12:51 IST 2013	1385995371643	/atg/commerce/search/ProductCatalogOutputConfig	Unable to find property "fullImage" on "null" among available properties: null
**** Warning	Mon Dec 02 20:12:51 IST 2013	1385995371644	/atg/commerce/search/ProductCatalogOutputConfig	Specified subtype "phone-product" is not a subtype of "product" for property "compatiblePlans"
**** Warning	Mon Dec 02 20:12:51 IST 2013	1385995371645	/atg/commerce/search/ProductCatalogOutputConfig	Unable to find property "compatiblePlans" on "null" among available properties: null
**** Warning	Mon Dec 02 20:12:51 IST 2013	1385995371645	/atg/commerce/search/ProductCatalogOutputConfig	Specified subtype "plan-product" is not a subtype of "product" for property "compatiblePhones"
**** Warning	Mon Dec 02 20:12:51 IST 2013	1385995371646	/atg/commerce/search/ProductCatalogOutputConfig	Unable to find property "compatiblePhones" on "null" among available properties: null
**** Warning	Mon Dec 02 20:12:51 IST 2013	1385995371650	/atg/commerce/search/ProductCatalogOutputConfig	Unable to use type prefix with specifier atg.endeca.index.specifier.EndecaOutputItemSpecifier@7f7c6a83[repositoryPath=null,itemDescriptorName=null,propertyName=childSKUs,multi=true,metaProperties=[atg.repository.search.indexing.specifier.OutputProperty[propertyName=type,outputNameFromConfig=false,splitMulti=true,filterNames=[unique],filters=null,propertyType=string,composed=false],atg.repository.search.indexing.specifier.OutputProperty[propertyName=startDate,outputNameFromConfig=false,splitMulti=true,filterNames=[null],filters=null,propertyType=date,composed=false],atg.repository.search.indexing.specifier.OutputProperty[propertyName=$itemDescriptor.itemDescriptorName,outputNameFromConfig=false,splitMulti=true,filterNames=[unique],filters=null,propertyType=string,composed=false],atg.repository.search.indexing.specifier.OutputProperty[propertyName=onSale,outputName=sku.onSaleText,outputNameFromConfig=true,splitMulti=true,filterNames=[unique],filters=null,propertyType=boolean,composed=false],atg.repository.search.indexing.specifier.OutputProperty[propertyName=wholesalePrice,outputNameFromConfig=false,splitMulti=true,filterNames=[unique],filters=null,propertyType=float,composed=false],atg.repository.search.indexing.specifier.OutputProperty[propertyName=$repository.repositoryName,outputNameFromConfig=false,splitMulti=true,filterNames=[null],filters=null,propertyType=unknown,composed=false],atg.repository.search.indexing.specifier.OutputProperty[propertyName=$repositoryId,outputNameFromConfig=false,splitMulti=true,filterNames=[null],filters=null,propertyType=string,composed=false],atg.repository.search.indexing.specifier.OutputProperty[propertyName=endDate,outputNameFromConfig=false,splitMulti=true,filterNames=[null],filters=null,propertyType=date,composed=false],atg.repository.search.indexing.specifier.OutputProperty[propertyName=manufacturer_part_number,outputNameFromConfig=false,splitMulti=true,filterNames=[unique],filters=null,propertyType=string,composed=false],atg.repository.search.indexing.specifier.OutputProperty[propertyName=creationDate,outputNameFromConfig=false,splitMulti=true,filterNames=[unique],filters=null,propertyType=date,composed=false],atg.repository.search.indexing.specifier.OutputProperty[propertyName=unit_of_measure,outputNameFromConfig=false,splitMulti=true,filterNames=[unique],filters=null,propertyType=string,composed=false],atg.repository.search.indexing.specifier.OutputProperty[propertyName=salePrice,outputNameFromConfig=false,splitMulti=true,filterNames=[unique],filters=null,propertyType=float,composed=false],atg.repository.search.indexing.specifier.OutputProperty[propertyName=quantity,outputNameFromConfig=false,splitMulti=true,filterNames=[unique],filters=null,propertyType=integer,composed=false],atg.repository.search.indexing.specifier.OutputProperty[propertyName=description,outputNameFromConfig=false,splitMulti=true,filterNames=[unique],filters=null,propertyType=unknown,composed=false],atg.repository.search.indexing.specifier.OutputProperty[propertyName=displayName,outputNameFromConfig=false,splitMulti=true,filterNames=[unique],filters=null,propertyType=unknown,composed=false],atg.repository.search.indexing.specifier.OutputProperty[propertyName=color,outputNameFromConfig=false,subtypeName=clothing-sku,splitMulti=true,filterNames=[unique],filters=null,propertyType=string,composed=false],atg.repository.search.indexing.specifier.OutputProperty[propertyName=woodFinish,outputNameFromConfig=false,subtypeName=furniture-sku,splitMulti=true,filterNames=[unique],filters=null,propertyType=string,composed=false],atg.repository.search.indexing.specifier.OutputProperty[propertyName=size,outputNameFromConfig=false,subtypeName=clothing-sku,splitMulti=true,filterNames=[unique],filters=null,propertyType=string,composed=false],atg.repository.search.indexing.specifier.OutputProperty[propertyName=margin,outputNameFromConfig=false,splitMulti=true,filterNames=[unique],filters=null,propertyType=float,composed=false],atg.repository.search.indexing.specifier.OutputProperty[propertyName=listPrice,outputName=sku.listPrice,outputNameFromConfig=true,splitMulti=true,filterNames=[null],filters=null,propertyType=float,composed=false]],
**** Warning	Mon Dec 02 20:12:51 IST 2013	1385995371650	/atg/commerce/search/ProductCatalogOutputConfig	subItems=[
**** Warning	Mon Dec 02 20:12:51 IST 2013	1385995371650	/atg/commerce/search/ProductCatalogOutputConfig	atg.endeca.index.specifier.EndecaOutputItemSpecifier@4134ffd8[repositoryPath=null,itemDescriptorName=null,propertyName=bundleLinks,multi=true,metaProperties=[atg.repository.search.indexing.specifier.OutputProperty[propertyName=startDate,outputNameFromConfig=false,splitMulti=true,filterNames=[unique],filters=null,propertyType=date,composed=false],atg.repository.search.indexing.specifier.OutputProperty[propertyName=$itemDescriptor.itemDescriptorName,outputNameFromConfig=false,splitMulti=true,filterNames=[null],filters=null,propertyType=unknown,composed=false],atg.repository.search.indexing.specifier.OutputProperty[propertyName=$repository.repositoryName,outputNameFromConfig=false,splitMulti=true,filterNames=[null],filters=null,propertyType=unknown,composed=false],atg.repository.search.indexing.specifier.OutputProperty[propertyName=endDate,outputNameFromConfig=false,splitMulti=true,filterNames=[unique],filters=null,propertyType=date,composed=false],atg.repository.search.indexing.specifier.OutputProperty[propertyName=description,outputNameFromConfig=false,splitMulti=true,filterNames=[unique],filters=null,propertyType=unknown,composed=false],atg.repository.search.indexing.specifier.OutputProperty[propertyName=displayName,outputNameFromConfig=false,splitMulti=true,filterNames=[unique],filters=null,propertyType=unknown,composed=false],atg.repository.search.indexing.specifier.OutputProperty[propertyName=$repositoryId,outputNameFromConfig=false,splitMulti=false,filterNames=[null],filters=null,propertyType=string,composed=false]],
**** Warning	Mon Dec 02 20:12:51 IST 2013	1385995371650	/atg/commerce/search/ProductCatalogOutputConfig	subItems=[
**** Warning	Mon Dec 02 20:12:51 IST 2013	1385995371650	/atg/commerce/search/ProductCatalogOutputConfig	atg.endeca.index.specifier.EndecaOutputItemSpecifier@7e88df59[repositoryPath=null,itemDescriptorName=null,propertyName=item,metaProperties=[atg.repository.search.indexing.specifier.OutputProperty[propertyName=$itemDescriptor.itemDescriptorName,outputNameFromConfig=false,splitMulti=true,filterNames=[null],filters=null,propertyType=unknown,composed=false],atg.repository.search.indexing.specifier.OutputProperty[propertyName=$repository.repositoryName,outputNameFromConfig=false,splitMulti=true,filterNames=[null],filters=null,propertyType=unknown,composed=false],atg.repository.search.indexing.specifier.OutputProperty[propertyName=$repositoryId,outputNameFromConfig=false,splitMulti=true,filterNames=[unique],filters=null,propertyType=string,composed=false]]]]
**** Warning	Mon Dec 02 20:12:51 IST 2013	1385995371650	/atg/commerce/search/ProductCatalogOutputConfig	],atg.endeca.index.specifier.EndecaOutputItemSpecifier@4bff8cf5[repositoryPath=null,itemDescriptorName=null,propertyName=configurableProperties,subtypeName=configurableSku,multi=true,metaProperties=[atg.repository.search.indexing.specifier.OutputProperty[propertyName=$itemDescriptor.itemDescriptorName,outputNameFromConfig=false,splitMulti=true,filterNames=[null],filters=null,propertyType=unknown,composed=false],atg.repository.search.indexing.specifier.OutputProperty[propertyName=$repository.repositoryName,outputNameFromConfig=false,splitMulti=true,filterNames=[null],filters=null,propertyType=unknown,composed=false],atg.repository.search.indexing.specifier.OutputProperty[propertyName=$repositoryId,outputNameFromConfig=false,splitMulti=true,filterNames=[null],filters=null,propertyType=unknown,composed=false],atg.repository.search.indexing.specifier.OutputProperty[propertyName=description,outputNameFromConfig=false,splitMulti=true,filterNames=[unique],filters=null,propertyType=unknown,composed=false],atg.repository.search.indexing.specifier.OutputProperty[propertyName=displayName,outputNameFromConfig=false,splitMulti=true,filterNames=[unique],filters=null,propertyType=unknown,composed=false]],
**** Warning	Mon Dec 02 20:12:51 IST 2013	1385995371650	/atg/commerce/search/ProductCatalogOutputConfig	subItems=[
**** Warning	Mon Dec 02 20:12:51 IST 2013	1385995371650	/atg/commerce/search/ProductCatalogOutputConfig	atg.endeca.index.specifier.EndecaOutputItemSpecifier@767f4fcd[repositoryPath=null,itemDescriptorName=null,propertyName=configurationOptions,multi=true,metaProperties=[atg.repository.search.indexing.specifier.OutputProperty[propertyName=$itemDescriptor.itemDescriptorName,outputNameFromConfig=false,splitMulti=true,filterNames=[null],filters=null,propertyType=unknown,composed=false],atg.repository.search.indexing.specifier.OutputProperty[propertyName=price,outputNameFromConfig=false,splitMulti=true,filterNames=[unique],filters=null,propertyType=float,composed=false],atg.repository.search.indexing.specifier.OutputProperty[propertyName=$repository.repositoryName,outputNameFromConfig=false,splitMulti=true,filterNames=[null],filters=null,propertyType=unknown,composed=false],atg.repository.search.indexing.specifier.OutputProperty[propertyName=$repositoryId,outputNameFromConfig=false,splitMulti=true,filterNames=[null],filters=null,propertyType=unknown,composed=false],atg.repository.search.indexing.specifier.OutputProperty[propertyName=description,outputNameFromConfig=false,splitMulti=true,filterNames=[unique],filters=null,propertyType=unknown,composed=false],atg.repository.search.indexing.specifier.OutputProperty[propertyName=displayName,outputNameFromConfig=false,splitMulti=true,filterNames=[unique],filters=null,propertyType=unknown,composed=false]],
**** Warning	Mon Dec 02 20:12:51 IST 2013	1385995371650	/atg/commerce/search/ProductCatalogOutputConfig	subItems=[
**** Warning	Mon Dec 02 20:12:51 IST 2013	1385995371650	/atg/commerce/search/ProductCatalogOutputConfig	atg.endeca.index.specifier.EndecaOutputItemSpecifier@20505882[repositoryPath=null,itemDescriptorName=null,propertyName=sku,metaProperties=[atg.repository.search.indexing.specifier.OutputProperty[propertyName=$itemDescriptor.itemDescriptorName,outputNameFromConfig=false,splitMulti=true,filterNames=[null],filters=null,propertyType=unknown,composed=false],atg.repository.search.indexing.specifier.OutputProperty[propertyName=$repository.repositoryName,outputNameFromConfig=false,splitMulti=true,filterNames=[null],filters=null,propertyType=unknown,composed=false],atg.repository.search.indexing.specifier.OutputProperty[propertyName=$repositoryId,outputNameFromConfig=false,splitMulti=true,filterNames=[unique],filters=null,propertyType=string,composed=false]]],atg.endeca.index.specifier.EndecaOutputItemSpecifier@7ae2cf60[repositoryPath=null,itemDescriptorName=null,propertyName=product,metaProperties=[atg.repository.search.indexing.specifier.OutputProperty[propertyName=$itemDescriptor.itemDescriptorName,outputNameFromConfig=false,splitMulti=true,filterNames=[null],filters=null,propertyType=unknown,composed=false],atg.repository.search.indexing.specifier.OutputProperty[propertyName=$repository.repositoryName,outputNameFromConfig=false,splitMulti=true,filterNames=[null],filters=null,propertyType=unknown,composed=false],atg.repository.search.indexing.specifier.OutputProperty[propertyName=$repositoryId,outputNameFromConfig=false,splitMulti=true,filterNames=[unique],filters=null,propertyType=string,composed=false]]]]
**** Warning	Mon Dec 02 20:12:51 IST 2013	1385995371650	/atg/commerce/search/ProductCatalogOutputConfig	]]
**** Warning	Mon Dec 02 20:12:51 IST 2013	1385995371650	/atg/commerce/search/ProductCatalogOutputConfig	]]
**** Warning	Mon Dec 02 20:12:51 IST 2013	1385995371650	/atg/commerce/search/ProductCatalogOutputConfig	] with item type because item type is not set.
**** Warning	Mon Dec 02 20:12:51 IST 2013	1385995371680	/atg/commerce/search/ProductCatalogOutputConfig	Could not replace prefix "product.childSKUs" or "childSKUs" with type, because couldnt determine type.
**** Warning	Mon Dec 02 20:12:51 IST 2013	1385995371681	/atg/commerce/search/ProductCatalogOutputConfig	Could not replace prefix "product.childSKUs" or "childSKUs" with type, because couldnt determine type.
**** Warning	Mon Dec 02 20:12:51 IST 2013	1385995371682	/atg/commerce/search/ProductCatalogOutputConfig	Could not replace prefix "product.childSKUs" or "childSKUs" with type, because couldnt determine type.
**** Warning	Mon Dec 02 20:12:51 IST 2013	1385995371684	/atg/commerce/search/ProductCatalogOutputConfig	Could not replace prefix "product.childSKUs" or "childSKUs" with type, because couldnt determine type.
**** Warning	Mon Dec 02 20:12:51 IST 2013	1385995371685	/atg/commerce/search/ProductCatalogOutputConfig	Could not replace prefix "product.childSKUs" or "childSKUs" with type, because couldnt determine type.
**** Warning	Mon Dec 02 20:12:51 IST 2013	1385995371686	/atg/commerce/search/ProductCatalogOutputConfig	Could not replace prefix "product.childSKUs" or "childSKUs" with type, because couldnt determine type.
**** Warning	Mon Dec 02 20:12:51 IST 2013	1385995371687	/atg/commerce/search/ProductCatalogOutputConfig	Could not replace prefix "product.childSKUs" or "childSKUs" with type, because couldnt determine type.
**** Warning	Mon Dec 02 20:12:51 IST 2013	1385995371688	/atg/commerce/search/ProductCatalogOutputConfig	Could not replace prefix "product.childSKUs" or "childSKUs" with type, because couldnt determine type.
**** Warning	Mon Dec 02 20:12:51 IST 2013	1385995371689	/atg/commerce/search/ProductCatalogOutputConfig	Could not replace prefix "product.childSKUs" or "childSKUs" with type, because couldnt determine type.
**** Warning	Mon Dec 02 20:12:51 IST 2013	1385995371690	/atg/commerce/search/ProductCatalogOutputConfig	Could not replace prefix "product.childSKUs" or "childSKUs" with type, because couldnt determine type.
**** Warning	Mon Dec 02 20:12:51 IST 2013	1385995371691	/atg/commerce/search/ProductCatalogOutputConfig	Could not replace prefix "product.childSKUs" or "childSKUs" with type, because couldnt determine type.
**** Warning	Mon Dec 02 20:12:51 IST 2013	1385995371692	/atg/commerce/search/ProductCatalogOutputConfig	Could not replace prefix "product.childSKUs" or "childSKUs" with type, because couldnt determine type.
**** Warning	Mon Dec 02 20:12:51 IST 2013	1385995371693	/atg/commerce/search/ProductCatalogOutputConfig	Could not replace prefix "product.childSKUs" or "childSKUs" with type, because couldnt determine type.
**** Warning	Mon Dec 02 20:12:51 IST 2013	1385995371694	/atg/commerce/search/ProductCatalogOutputConfig	Could not replace prefix "product.childSKUs" or "childSKUs" with type, because couldnt determine type.
**** Warning	Mon Dec 02 20:12:51 IST 2013	1385995371695	/atg/commerce/search/ProductCatalogOutputConfig	Could not replace prefix "product.childSKUs" or "childSKUs" with type, because couldnt determine type.
**** Warning	Mon Dec 02 20:12:51 IST 2013	1385995371696	/atg/commerce/search/ProductCatalogOutputConfig	Could not replace prefix "product.childSKUs" or "childSKUs" with type, because couldnt determine type.
**** Warning	Mon Dec 02 20:12:51 IST 2013	1385995371697	/atg/commerce/search/ProductCatalogOutputConfig	Could not replace prefix "product.childSKUs" or "childSKUs" with type, because couldnt determine type.
**** Warning	Mon Dec 02 20:12:51 IST 2013	1385995371703	/atg/search/repository/IncrementalLoader	No repository specified for property "childSKUs"
**** Warning	Mon Dec 02 20:12:51 IST 2013	1385995371704	/atg/search/repository/IncrementalLoader	No repository specified for property "childSKUs.bundleLinks"
**** Warning	Mon Dec 02 20:12:51 IST 2013	1385995371705	/atg/search/repository/IncrementalLoader	No repository specified for property "childSKUs.bundleLinks.item"
**** Warning	Mon Dec 02 20:12:51 IST 2013	1385995371705	/atg/search/repository/IncrementalLoader	No repository specified for property "childSKUs.configurableProperties"
**** Warning	Mon Dec 02 20:12:51 IST 2013	1385995371706	/atg/search/repository/IncrementalLoader	No repository specified for property "childSKUs.configurableProperties.configurationOptions"
**** Warning	Mon Dec 02 20:12:51 IST 2013	1385995371707	/atg/search/repository/IncrementalLoader	No repository specified for property "childSKUs.configurableProperties.configurationOptions.sku"
**** Warning	Mon Dec 02 20:12:51 IST 2013	1385995371708	/atg/search/repository/IncrementalLoader	No repository specified for property "childSKUs.configurableProperties.configurationOptions.product"
**** Warning	Mon Dec 02 20:12:51 IST 2013	1385995371708	/atg/search/repository/IncrementalLoader	No repository specified for property "parentCategories"
**** Warning	Mon Dec 02 20:12:51 IST 2013	1385995371709	/atg/search/repository/IncrementalLoader	No repository specified for property "ancestorCategories"
**** Warning	Mon Dec 02 20:12:51 IST 2013	1385995371710	/atg/search/repository/IncrementalLoader	No repository specified for property "catalogs"
**** Warning	Mon Dec 02 20:12:51 IST 2013	1385995371710	/atg/search/repository/IncrementalLoader	No repository specified for property "manufacturer"
**** Warning	Mon Dec 02 20:12:51 IST 2013	1385995371711	/atg/search/repository/IncrementalLoader	No repository specified for property "features"
**** Warning	Mon Dec 02 20:12:51 IST 2013	1385995371712	/atg/search/repository/IncrementalLoader	No repository specified for property "mediumImage"
**** Warning	Mon Dec 02 20:12:51 IST 2013	1385995371712	/atg/search/repository/IncrementalLoader	No repository specified for property "largeImage"
**** Warning	Mon Dec 02 20:12:51 IST 2013	1385995371713	/atg/search/repository/IncrementalLoader	No repository specified for property "markets"
**** Warning	Mon Dec 02 20:12:51 IST 2013	1385995371714	/atg/search/repository/IncrementalLoader	No repository specified for property "fullImage"
**** Warning	Mon Dec 02 20:12:51 IST 2013	1385995371715	/atg/search/repository/IncrementalLoader	No repository specified for property "compatiblePlans"
**** Warning	Mon Dec 02 20:12:51 IST 2013	1385995371715	/atg/search/repository/IncrementalLoader	No repository specified for property "compatiblePhones"
**** Warning	Mon Dec 02 20:12:54 IST 2013	1385995374191	/atg/commerce/order/scheduled/ScheduledOrderService	Could not obtain global lock
**** Warning	Mon Dec 02 20:12:56 IST 2013	1385995376758	/atg/commerce/search/IndexingPropertyProvider	Specified subtype phone-product is not a sub type of product
**** Warning	Mon Dec 02 20:12:56 IST 2013	1385995376759	/atg/commerce/search/IndexingPropertyProvider	Specified subtype phone-product is not a sub type of product
**** Warning	Mon Dec 02 20:12:56 IST 2013	1385995376760	/atg/commerce/search/IndexingPropertyProvider	Specified subtype phone-product is not a sub type of product
**** Warning	Mon Dec 02 20:12:56 IST 2013	1385995376761	/atg/commerce/search/IndexingPropertyProvider	Specified subtype plan-product is not a sub type of product
**** Warning	Mon Dec 02 20:12:56 IST 2013	1385995376762	/atg/commerce/search/IndexingPropertyProvider	Specified subtype accessory-product is not a sub type of product
**** Warning	Mon Dec 02 20:12:57 IST 2013	1385995377038	/atg/commerce/endeca/index/CategoryToDimensionOutputConfig	Unable to find property "displayName" on "displayName" among available properties: null
**** Warning	Mon Dec 02 20:12:57 IST 2013	1385995377074	/atg/commerce/endeca/index/CategoryToDimensionOutputConfig	Unable to find property "displayName" on "displayName" among available properties: null
**** Warning	Mon Dec 02 20:12:57 IST 2013	1385995377075	/atg/commerce/endeca/index/CategoryToDimensionOutputConfig	Unable to find property "keywords" on "keywords" among available properties: null
**** Warning	Mon Dec 02 20:12:57 IST 2013	1385995377076	/atg/commerce/endeca/index/CategoryToDimensionOutputConfig	Unable to find property "parentCategoriesForCatalog" on "null" among available properties: null
**** Warning	Mon Dec 02 20:12:57 IST 2013	1385995377076	/atg/commerce/endeca/index/CategoryToDimensionOutputConfig	Unable to find property "parentCatalog" on "null" among available properties: null
**** Warning	Mon Dec 02 20:12:57 IST 2013	1385995377077	/atg/commerce/endeca/index/CategoryToDimensionOutputConfig	Unable to find property "catalogs" on "null" among available properties: null
**** Warning	Mon Dec 02 20:12:57 IST 2013	1385995377078	/atg/search/repository/IncrementalLoader	No repository specified for property "parentCategoriesForCatalog"
**** Warning	Mon Dec 02 20:12:57 IST 2013	1385995377078	/atg/search/repository/IncrementalLoader	No repository specified for property "parentCatalog"
**** Warning	Mon Dec 02 20:12:57 IST 2013	1385995377079	/atg/search/repository/IncrementalLoader	No repository specified for property "catalogs"
**** Warning	Mon Dec 02 20:13:36 IST 2013	1385995416427	/atg/dynamo/service/jmdns/ClusterBroadcaster	Truncating value for serviceProperties key 'commandLineModules'.
**** Warning	Mon Dec 02 20:13:41 IST 2013	1385995421499	DistributorSender	No remote servers configured
**** Warning	Mon Dec 02 20:13:47 IST 2013	1385995427737	/atg/commerce/catalog/ProductCatalog	unknown JDBC types for property: seoString, item-type: category. Check that the column names in the database and template match.  The column SEO_STRING was not found in the set of columns returned by the database: {DISPLAY_PRIORITY=atg.adapter.gsa.ColumnJDBCProperties@225999fb(name=DISPLAY_PRIORITY, type=3, columnLength=3, isPrimaryKey=false, isPrimaryKeyKnown=false), CATEGORY_ID=atg.adapter.gsa.ColumnJDBCProperties@288c3f5b(name=CATEGORY_ID, type=12, columnLength=40, isPrimaryKey=true, isPrimaryKeyKnown=true)} for this table.
**** Warning	Mon Dec 02 20:13:57 IST 2013	1385995437058	/atg/dynamo/service/ClientLockManager	Unable to connect to lock servers localhost/127.0.0.1:9010  - globally locking is disabled
**** Warning	Mon Dec 02 20:13:57 IST 2013	1385995437284	/atg/scenario/ScenarioManager	Unable to declare this instance as the default ProcessEditorServer. Another instance, BSD-PCS2964482:8850, has already been run against this schema, and has declared itself as the default ProcessEditorServer. This instance will be started as an individual server. To declare this instance as the ProcessEditorServer, either configure the /atg/scenario/scenarioManager.xml file, or remove the row from dss_server_id whose server_id column is BSD-PCS2964482:8850. The first option is the recommended one, since it will prohibit this problem from occurring in the future.
**** Warning	Mon Dec 02 20:14:05 IST 2013	1385995445136	/atg/commerce/catalog/ProductCatalog	unknown JDBC types for property: includesTextCart, item-type: plan-group. Check that the column names in the database and template match.  The column INCLUDES_TEXT_CART was not found in the set of columns returned by the database: {PRODUCT_ID=atg.adapter.gsa.ColumnJDBCProperties@7101b74e(name=PRODUCT_ID, type=12, columnLength=40, isPrimaryKey=true, isPrimaryKeyKnown=true), DISPLAY_PRIORITY=atg.adapter.gsa.ColumnJDBCProperties@27a99bd8(name=DISPLAY_PRIORITY, type=3, columnLength=3, isPrimaryKey=false, isPrimaryKeyKnown=false), DATA_MESSAGE=atg.adapter.gsa.ColumnJDBCProperties@7036963f(name=DATA_MESSAGE, type=12, columnLength=254, isPrimaryKey=false, isPrimaryKeyKnown=false), DATA_LIMIT=atg.adapter.gsa.ColumnJDBCProperties@fc23ba7(name=DATA_LIMIT, type=12, columnLength=40, isPrimaryKey=false, isPrimaryKeyKnown=false)} for this table.
**** Warning	Mon Dec 02 20:14:06 IST 2013	1385995446927	/atg/commerce/catalog/ProductCatalog	unknown JDBC types for property: greenBoxContent, item-type: plan-group. Check that the column names in the database and template match.  The column GREEN_BOX_CONTENT was not found in the set of columns returned by the database: {PRODUCT_ID=atg.adapter.gsa.ColumnJDBCProperties@7101b74e(name=PRODUCT_ID, type=12, columnLength=40, isPrimaryKey=true, isPrimaryKeyKnown=true), DISPLAY_PRIORITY=atg.adapter.gsa.ColumnJDBCProperties@27a99bd8(name=DISPLAY_PRIORITY, type=3, columnLength=3, isPrimaryKey=false, isPrimaryKeyKnown=false), DATA_MESSAGE=atg.adapter.gsa.ColumnJDBCProperties@7036963f(name=DATA_MESSAGE, type=12, columnLength=254, isPrimaryKey=false, isPrimaryKeyKnown=false), DATA_LIMIT=atg.adapter.gsa.ColumnJDBCProperties@fc23ba7(name=DATA_LIMIT, type=12, columnLength=40, isPrimaryKey=false, isPrimaryKeyKnown=false)} for this table.
**** Warning	Mon Dec 02 20:14:07 IST 2013	1385995447943	/atg/dynamo/service/jdbc/SQLRepository	There was a problem sending an invalidation event to the subscriber at 10.53.9.22:57775: java.io.IOException: Skipping event - until connectTimeout passes  (autoUpdateSubscribers=true)
**** Warning	Mon Dec 02 20:14:07 IST 2013	1385995447943	/atg/dynamo/service/jdbc/SQLRepository	There was a problem sending an invalidation event to the subscriber at 10.53.9.22:57775: java.io.IOException: Skipping event - until connectTimeout passes  (autoUpdateSubscribers=true)
**** Warning	Mon Dec 02 20:14:07 IST 2013	1385995447943	/atg/dynamo/service/jdbc/SQLRepository	There was a problem sending an invalidation event to the subscriber at 10.53.9.22:57775: java.net.ConnectException: Connection timed out: connect  (autoUpdateSubscribers=true)
**** Warning	Mon Dec 02 20:14:07 IST 2013	1385995447943	/atg/dynamo/service/jdbc/SQLRepository	There was a problem sending an invalidation event to the subscriber at 10.53.9.22:57775: java.io.IOException: Skipping event - until connectTimeout passes  (autoUpdateSubscribers=true)
**** Warning	Mon Dec 02 20:14:07 IST 2013	1385995447943	/atg/dynamo/service/jdbc/SQLRepository	There was a problem sending an invalidation event to the subscriber at 10.53.9.22:57775: java.io.IOException: Skipping event - until connectTimeout passes  (autoUpdateSubscribers=true)
**** Warning	Mon Dec 02 20:14:08 IST 2013	1385995448098	/atg/dynamo/service/jdbc/SQLRepository	There was a problem sending an invalidation event to the subscriber at 10.53.9.22:57775: java.io.IOException: Skipping event - until connectTimeout passes  (autoUpdateSubscribers=true)
**** Warning	Mon Dec 02 20:14:08 IST 2013	1385995448419	/atg/dynamo/service/jdbc/SQLRepository	Re-adding ourselves to the subscribers list for INCHCMPC05389/172.18.32.223:61722 for type das_gsa_subscriber and flushing cached data to make up for lost invalidation events.
**** Warning	Mon Dec 02 20:14:08 IST 2013	1385995448849	/atg/dynamo/service/jdbc/SQLRepository	Re-adding ourselves to the subscribers list for INCHCMPC05389/172.18.32.223:61722 for type das_gsa_subscriber and flushing cached data to make up for lost invalidation events.
**** Warning	Mon Dec 02 20:14:09 IST 2013	1385995449178	/atg/dynamo/service/jdbc/SQLRepository	Re-adding ourselves to the subscribers list for INCHCMPC05389/172.18.32.223:61722 for type das_gsa_subscriber and flushing cached data to make up for lost invalidation events.
**** Warning	Mon Dec 02 20:14:31 IST 2013	1385995471289	/atg/commerce/order/OrderRepository	unknown JDBC types for property: removedAddons, item-type: b2bOrder. Check that the column names in the database and template match.  The column REM_ADDON_SKU_ID was not found in the set of columns returned by the database: {} for this table.
**** Warning	Mon Dec 02 20:14:41 IST 2013	1385995481554	/atg/dynamo/messaging/MessagingManager	Disabling rollback logging for InputDestinationConsumer in order to reduce clutter. Set disableDebugTracesForRollbacksForInputDestinationConsumer on /atg/dynamo/messaging/MessagingManager to false to re-enable for InputDestinationConsumer.
**** Warning	Mon Dec 02 20:15:08 IST 2013	1385995508402	DistributorSender	No remote servers configured
**** Warning	Mon Dec 02 20:15:14 IST 2013	1385995514198	/atg/commerce/order/scheduled/ScheduledOrderService	Could not obtain global lock
**** Warning	Mon Dec 02 20:15:18 IST 2013	1385995518129	/atg/commerce/catalog/ProductCatalog	An error occurred while localizing possible values for enumerated property ProductCatalog : plan-product : planType using resource bundle named: null
**** Warning	Tue Dec 03 14:38:27 IST 2013	1386061707807	/atg/dynamo/service/jmdns/ClusterBroadcaster	Truncating value for serviceProperties key 'commandLineModules'.
**** Warning	Tue Dec 03 14:38:31 IST 2013	1386061711725	DistributorSender	No remote servers configured
**** Warning	Tue Dec 03 14:38:38 IST 2013	1386061718903	/atg/commerce/catalog/ProductCatalog	unknown JDBC types for property: seoString, item-type: category. Check that the column names in the database and template match.  The column SEO_STRING was not found in the set of columns returned by the database: {DISPLAY_PRIORITY=atg.adapter.gsa.ColumnJDBCProperties@5d96fb2f(name=DISPLAY_PRIORITY, type=3, columnLength=3, isPrimaryKey=false, isPrimaryKeyKnown=false), CATEGORY_ID=atg.adapter.gsa.ColumnJDBCProperties@6344faa9(name=CATEGORY_ID, type=12, columnLength=40, isPrimaryKey=true, isPrimaryKeyKnown=true)} for this table.
**** Warning	Tue Dec 03 14:39:00 IST 2013	1386061740538	/atg/commerce/catalog/ProductCatalog	unknown JDBC types for property: includesTextCart, item-type: plan-group. Check that the column names in the database and template match.  The column INCLUDES_TEXT_CART was not found in the set of columns returned by the database: {PRODUCT_ID=atg.adapter.gsa.ColumnJDBCProperties@36194af7(name=PRODUCT_ID, type=12, columnLength=40, isPrimaryKey=true, isPrimaryKeyKnown=true), DISPLAY_PRIORITY=atg.adapter.gsa.ColumnJDBCProperties@3688b9e0(name=DISPLAY_PRIORITY, type=3, columnLength=3, isPrimaryKey=false, isPrimaryKeyKnown=false), DATA_MESSAGE=atg.adapter.gsa.ColumnJDBCProperties@4a633d18(name=DATA_MESSAGE, type=12, columnLength=254, isPrimaryKey=false, isPrimaryKeyKnown=false), DATA_LIMIT=atg.adapter.gsa.ColumnJDBCProperties@394018cf(name=DATA_LIMIT, type=12, columnLength=40, isPrimaryKey=false, isPrimaryKeyKnown=false)} for this table.
**** Warning	Tue Dec 03 14:39:00 IST 2013	1386061740539	/atg/commerce/catalog/ProductCatalog	unknown JDBC types for property: greenBoxContent, item-type: plan-group. Check that the column names in the database and template match.  The column GREEN_BOX_CONTENT was not found in the set of columns returned by the database: {PRODUCT_ID=atg.adapter.gsa.ColumnJDBCProperties@36194af7(name=PRODUCT_ID, type=12, columnLength=40, isPrimaryKey=true, isPrimaryKeyKnown=true), DISPLAY_PRIORITY=atg.adapter.gsa.ColumnJDBCProperties@3688b9e0(name=DISPLAY_PRIORITY, type=3, columnLength=3, isPrimaryKey=false, isPrimaryKeyKnown=false), DATA_MESSAGE=atg.adapter.gsa.ColumnJDBCProperties@4a633d18(name=DATA_MESSAGE, type=12, columnLength=254, isPrimaryKey=false, isPrimaryKeyKnown=false), DATA_LIMIT=atg.adapter.gsa.ColumnJDBCProperties@394018cf(name=DATA_LIMIT, type=12, columnLength=40, isPrimaryKey=false, isPrimaryKeyKnown=false)} for this table.
**** Warning	Tue Dec 03 14:39:12 IST 2013	1386061752445	/atg/commerce/catalog/ProductCatalog	unknown JDBC types for property: seoString, item-type: category. Check that the column names in the database and template match.  The column SEO_STRING was not found in the set of columns returned by the database: {DISPLAY_PRIORITY=atg.adapter.gsa.ColumnJDBCProperties@1496be01(name=DISPLAY_PRIORITY, type=3, columnLength=3, isPrimaryKey=false, isPrimaryKeyKnown=false), CATEGORY_ID=atg.adapter.gsa.ColumnJDBCProperties@34943e36(name=CATEGORY_ID, type=12, columnLength=40, isPrimaryKey=true, isPrimaryKeyKnown=true)} for this table.
**** Warning	Tue Dec 03 14:39:12 IST 2013	1386061752677	/atg/commerce/catalog/ProductCatalog	unknown JDBC types for property: includesTextCart, item-type: plan-group. Check that the column names in the database and template match.  The column INCLUDES_TEXT_CART was not found in the set of columns returned by the database: {PRODUCT_ID=atg.adapter.gsa.ColumnJDBCProperties@bc9a560(name=PRODUCT_ID, type=12, columnLength=40, isPrimaryKey=true, isPrimaryKeyKnown=true), DISPLAY_PRIORITY=atg.adapter.gsa.ColumnJDBCProperties@638847ab(name=DISPLAY_PRIORITY, type=3, columnLength=3, isPrimaryKey=false, isPrimaryKeyKnown=false), DATA_MESSAGE=atg.adapter.gsa.ColumnJDBCProperties@8195e9a(name=DATA_MESSAGE, type=12, columnLength=254, isPrimaryKey=false, isPrimaryKeyKnown=false), DATA_LIMIT=atg.adapter.gsa.ColumnJDBCProperties@3991d49d(name=DATA_LIMIT, type=12, columnLength=40, isPrimaryKey=false, isPrimaryKeyKnown=false)} for this table.
**** Warning	Tue Dec 03 14:39:12 IST 2013	1386061752677	/atg/commerce/catalog/ProductCatalog	unknown JDBC types for property: greenBoxContent, item-type: plan-group. Check that the column names in the database and template match.  The column GREEN_BOX_CONTENT was not found in the set of columns returned by the database: {PRODUCT_ID=atg.adapter.gsa.ColumnJDBCProperties@bc9a560(name=PRODUCT_ID, type=12, columnLength=40, isPrimaryKey=true, isPrimaryKeyKnown=true), DISPLAY_PRIORITY=atg.adapter.gsa.ColumnJDBCProperties@638847ab(name=DISPLAY_PRIORITY, type=3, columnLength=3, isPrimaryKey=false, isPrimaryKeyKnown=false), DATA_MESSAGE=atg.adapter.gsa.ColumnJDBCProperties@8195e9a(name=DATA_MESSAGE, type=12, columnLength=254, isPrimaryKey=false, isPrimaryKeyKnown=false), DATA_LIMIT=atg.adapter.gsa.ColumnJDBCProperties@3991d49d(name=DATA_LIMIT, type=12, columnLength=40, isPrimaryKey=false, isPrimaryKeyKnown=false)} for this table.
**** Warning	Tue Dec 03 14:47:47 IST 2013	1386062267460	/atg/dynamo/service/jmdns/ClusterBroadcaster	Truncating value for serviceProperties key 'commandLineModules'.
**** Warning	Tue Dec 03 14:47:51 IST 2013	1386062271113	DistributorSender	No remote servers configured
**** Warning	Tue Dec 03 14:47:58 IST 2013	1386062278978	/atg/commerce/catalog/ProductCatalog	unknown JDBC types for property: seoString, item-type: category. Check that the column names in the database and template match.  The column SEO_STRING was not found in the set of columns returned by the database: {DISPLAY_PRIORITY=atg.adapter.gsa.ColumnJDBCProperties@41704837(name=DISPLAY_PRIORITY, type=3, columnLength=3, isPrimaryKey=false, isPrimaryKeyKnown=false), CATEGORY_ID=atg.adapter.gsa.ColumnJDBCProperties@32953471(name=CATEGORY_ID, type=12, columnLength=40, isPrimaryKey=true, isPrimaryKeyKnown=true)} for this table.
